This file contains any messages produced by compilers while
running configure, to aid debugging if configure makes a mistake.

It was created by Cuba configure 3.0, which was
generated by GNU Autoconf 2.68.  Invocation command line was

  $ ./configure 

## --------- ##
## Platform. ##
## --------- ##

hostname = purdue-af-28
uname -m = x86_64
uname -r = 4.18.0-425.19.2.el8_7.x86_64
uname -s = Linux
uname -v = #1 SMP Tue Apr 4 22:38:11 UTC 2023

/usr/bin/uname -p = x86_64
/bin/uname -X     = unknown

/bin/arch              = x86_64
/usr/bin/arch -k       = unknown
/usr/convex/getsysinfo = unknown
/usr/bin/hostinfo      = unknown
/bin/machine           = unknown
/usr/bin/oslevel       = unknown
/bin/universe          = unknown

PATH: /depot/cms/kernels/combine/bin
PATH: /usr/sue/bin
PATH: /etc/jupyter/dask
PATH: /opt/conda/condabin
PATH: /opt/conda/bin
PATH: /usr/local/sbin
PATH: /usr/local/bin
PATH: /usr/sbin
PATH: /usr/bin
PATH: /sbin
PATH: /bin
PATH: /depot/cms/purdue-af/combine/HiggsAnalysis/CombinedLimit/build/bin
PATH: /home/vscheure/HiggsAnalysis/CombinedLimit/build/bin
PATH: /home/vscheure/copperhead/fits/build/bin


## ----------- ##
## Core tests. ##
## ----------- ##

configure:1906: checking for x86_64-conda-linux-gnu-gcc
configure:1933: result: gcc
configure:2202: checking for C compiler version
configure:2211: gcc --version >&5
gcc (conda-forge gcc 10.4.0-19) 10.4.0
Copyright (C) 2020 Free Software Foundation, Inc.
This is free software; see the source for copying conditions.  There is NO
warranty; not even for MERCHANTABILITY or FITNESS FOR A PARTICULAR PURPOSE.

configure:2222: $? = 0
configure:2211: gcc -v >&5
Reading specs from /depot/cms/kernels/combine/bin/../lib/gcc/x86_64-conda-linux-gnu/10.4.0/specs
could not find specs file conda.specs
COLLECT_GCC=gcc
COLLECT_LTO_WRAPPER=/depot/cms/kernels/combine/bin/../libexec/gcc/x86_64-conda-linux-gnu/10.4.0/lto-wrapper
Target: x86_64-conda-linux-gnu
Configured with: ../configure --prefix=/home/conda/feedstock_root/build_artifacts/gcc_compilers_1666516817544/_h_env_placehold_placehold_placehold_placehold_placehold_placehold_placehold_placehold_placehold_placehold_placehold_placehold_placehold_placehold_placehold_placehold_placehold_placeho --with-slibdir=/home/conda/feedstock_root/build_artifacts/gcc_compilers_1666516817544/_h_env_placehold_placehold_placehold_placehold_placehold_placehold_placehold_placehold_placehold_placehold_placehold_placehold_placehold_placehold_placehold_placehold_placehold_placeho/lib --libdir=/home/conda/feedstock_root/build_artifacts/gcc_compilers_1666516817544/_h_env_placehold_placehold_placehold_placehold_placehold_placehold_placehold_placehold_placehold_placehold_placehold_placehold_placehold_placehold_placehold_placehold_placehold_placeho/lib --mandir=/home/conda/feedstock_root/build_artifacts/gcc_compilers_1666516817544/_h_env_placehold_placehold_placehold_placehold_placehold_placehold_placehold_placehold_placehold_placehold_placehold_placehold_placehold_placehold_placehold_placehold_placehold_placeho/man --build=x86_64-conda-linux-gnu --host=x86_64-conda-linux-gnu --target=x86_64-conda-linux-gnu --enable-default-pie --enable-languages=c,c++,fortran,objc,obj-c++ --enable-__cxa_atexit --disable-libmudflap --enable-libgomp --disable-libssp --enable-libquadmath --enable-libquadmath-support --enable-libsanitizer --enable-lto --enable-threads=posix --enable-target-optspace --enable-plugin --enable-gold --disable-nls --disable-bootstrap --disable-multilib --enable-long-long --with-sysroot=/home/conda/feedstock_root/build_artifacts/gcc_compilers_1666516817544/_h_env_placehold_placehold_placehold_placehold_placehold_placehold_placehold_placehold_placehold_placehold_placehold_placehold_placehold_placehold_placehold_placehold_placehold_placeho/x86_64-conda-linux-gnu/sysroot --with-build-sysroot=/home/conda/feedstock_root/build_artifacts/gcc_compilers_1666516817544/_build_env/x86_64-conda-linux-gnu/sysroot --with-gxx-include-dir=/home/conda/feedstock_root/build_artifacts/gcc_compilers_1666516817544/_h_env_placehold_placehold_placehold_placehold_placehold_placehold_placehold_placehold_placehold_placehold_placehold_placehold_placehold_placehold_placehold_placehold_placehold_placeho/x86_64-conda-linux-gnu/include/c++/10.4.0 --with-pkgversion='conda-forge gcc 10.4.0-19' --with-bugurl=https://github.com/conda-forge/ctng-compilers-feedstock/issues/new/choose
Thread model: posix
Supported LTO compression algorithms: zlib
gcc version 10.4.0 (conda-forge gcc 10.4.0-19) 
configure:2222: $? = 0
configure:2211: gcc -V >&5
gcc: error: unrecognized command-line option '-V'
gcc: fatal error: no input files
compilation terminated.
configure:2222: $? = 1
configure:2211: gcc -qversion >&5
gcc: error: unrecognized command-line option '-qversion'; did you mean '--version'?
gcc: fatal error: no input files
compilation terminated.
configure:2222: $? = 1
configure:2242: checking whether the C compiler works
configure:2264: gcc -march=nocona -mtune=haswell -ftree-vectorize -fPIC -fstack-protector-strong -fno-plt -O2 -ffunction-sections -pipe -isystem /depot/cms/kernels/combine/include -DNDEBUG -D_FORTIFY_SOURCE=2 -O2 -isystem /depot/cms/kernels/combine/include -Wl,-O2 -Wl,--sort-common -Wl,--as-needed -Wl,-z,relro -Wl,-z,now -Wl,--disable-new-dtags -Wl,--gc-sections -Wl,--allow-shlib-undefined -Wl,-rpath,/depot/cms/kernels/combine/lib -Wl,-rpath-link,/depot/cms/kernels/combine/lib -L/depot/cms/kernels/combine/lib conftest.c -lm >&5
configure:2268: $? = 0
configure:2316: result: yes
configure:2319: checking for C compiler default output file name
configure:2321: result: a.out
configure:2327: checking for suffix of executables
configure:2334: gcc -o conftest -march=nocona -mtune=haswell -ftree-vectorize -fPIC -fstack-protector-strong -fno-plt -O2 -ffunction-sections -pipe -isystem /depot/cms/kernels/combine/include -DNDEBUG -D_FORTIFY_SOURCE=2 -O2 -isystem /depot/cms/kernels/combine/include -Wl,-O2 -Wl,--sort-common -Wl,--as-needed -Wl,-z,relro -Wl,-z,now -Wl,--disable-new-dtags -Wl,--gc-sections -Wl,--allow-shlib-undefined -Wl,-rpath,/depot/cms/kernels/combine/lib -Wl,-rpath-link,/depot/cms/kernels/combine/lib -L/depot/cms/kernels/combine/lib conftest.c -lm >&5
configure:2338: $? = 0
configure:2360: result: 
configure:2382: checking whether we are cross compiling
configure:2390: gcc -o conftest -march=nocona -mtune=haswell -ftree-vectorize -fPIC -fstack-protector-strong -fno-plt -O2 -ffunction-sections -pipe -isystem /depot/cms/kernels/combine/include -DNDEBUG -D_FORTIFY_SOURCE=2 -O2 -isystem /depot/cms/kernels/combine/include -Wl,-O2 -Wl,--sort-common -Wl,--as-needed -Wl,-z,relro -Wl,-z,now -Wl,--disable-new-dtags -Wl,--gc-sections -Wl,--allow-shlib-undefined -Wl,-rpath,/depot/cms/kernels/combine/lib -Wl,-rpath-link,/depot/cms/kernels/combine/lib -L/depot/cms/kernels/combine/lib conftest.c -lm >&5
configure:2394: $? = 0
configure:2401: ./conftest
configure:2405: $? = 0
configure:2420: result: no
configure:2425: checking for suffix of object files
configure:2447: gcc -c -march=nocona -mtune=haswell -ftree-vectorize -fPIC -fstack-protector-strong -fno-plt -O2 -ffunction-sections -pipe -isystem /depot/cms/kernels/combine/include -DNDEBUG -D_FORTIFY_SOURCE=2 -O2 -isystem /depot/cms/kernels/combine/include conftest.c >&5
configure:2451: $? = 0
configure:2472: result: o
configure:2476: checking whether we are using the GNU C compiler
configure:2495: gcc -c -march=nocona -mtune=haswell -ftree-vectorize -fPIC -fstack-protector-strong -fno-plt -O2 -ffunction-sections -pipe -isystem /depot/cms/kernels/combine/include -DNDEBUG -D_FORTIFY_SOURCE=2 -O2 -isystem /depot/cms/kernels/combine/include conftest.c >&5
configure:2495: $? = 0
configure:2504: result: yes
configure:2513: checking whether gcc accepts -g
configure:2533: gcc -c -g -DNDEBUG -D_FORTIFY_SOURCE=2 -O2 -isystem /depot/cms/kernels/combine/include conftest.c >&5
configure:2533: $? = 0
configure:2574: result: yes
configure:2591: checking for gcc option to accept ISO C89
configure:2655: gcc  -c -march=nocona -mtune=haswell -ftree-vectorize -fPIC -fstack-protector-strong -fno-plt -O2 -ffunction-sections -pipe -isystem /depot/cms/kernels/combine/include -DNDEBUG -D_FORTIFY_SOURCE=2 -O2 -isystem /depot/cms/kernels/combine/include conftest.c >&5
configure:2655: $? = 0
configure:2668: result: none needed
configure:2697: checking for x86_64-conda-linux-gnu-g77
configure:2724: result: /depot/cms/kernels/combine/bin/x86_64-conda-linux-gnu-gfortran
configure:2794: checking for Fortran 77 compiler version
configure:2803: /depot/cms/kernels/combine/bin/x86_64-conda-linux-gnu-gfortran --version >&5
GNU Fortran (conda-forge gcc 10.4.0-19) 10.4.0
Copyright (C) 2020 Free Software Foundation, Inc.
This is free software; see the source for copying conditions.  There is NO
warranty; not even for MERCHANTABILITY or FITNESS FOR A PARTICULAR PURPOSE.

configure:2814: $? = 0
configure:2803: /depot/cms/kernels/combine/bin/x86_64-conda-linux-gnu-gfortran -v >&5
Reading specs from /depot/cms/kernels/combine/bin/../lib/gcc/x86_64-conda-linux-gnu/10.4.0/specs
could not find specs file conda.specs
COLLECT_GCC=/depot/cms/kernels/combine/bin/x86_64-conda-linux-gnu-gfortran
COLLECT_LTO_WRAPPER=/depot/cms/kernels/combine/bin/../libexec/gcc/x86_64-conda-linux-gnu/10.4.0/lto-wrapper
Target: x86_64-conda-linux-gnu
Configured with: ../configure --prefix=/home/conda/feedstock_root/build_artifacts/gcc_compilers_1666516817544/_h_env_placehold_placehold_placehold_placehold_placehold_placehold_placehold_placehold_placehold_placehold_placehold_placehold_placehold_placehold_placehold_placehold_placehold_placeho --with-slibdir=/home/conda/feedstock_root/build_artifacts/gcc_compilers_1666516817544/_h_env_placehold_placehold_placehold_placehold_placehold_placehold_placehold_placehold_placehold_placehold_placehold_placehold_placehold_placehold_placehold_placehold_placehold_placeho/lib --libdir=/home/conda/feedstock_root/build_artifacts/gcc_compilers_1666516817544/_h_env_placehold_placehold_placehold_placehold_placehold_placehold_placehold_placehold_placehold_placehold_placehold_placehold_placehold_placehold_placehold_placehold_placehold_placeho/lib --mandir=/home/conda/feedstock_root/build_artifacts/gcc_compilers_1666516817544/_h_env_placehold_placehold_placehold_placehold_placehold_placehold_placehold_placehold_placehold_placehold_placehold_placehold_placehold_placehold_placehold_placehold_placehold_placeho/man --build=x86_64-conda-linux-gnu --host=x86_64-conda-linux-gnu --target=x86_64-conda-linux-gnu --enable-default-pie --enable-languages=c,c++,fortran,objc,obj-c++ --enable-__cxa_atexit --disable-libmudflap --enable-libgomp --disable-libssp --enable-libquadmath --enable-libquadmath-support --enable-libsanitizer --enable-lto --enable-threads=posix --enable-target-optspace --enable-plugin --enable-gold --disable-nls --disable-bootstrap --disable-multilib --enable-long-long --with-sysroot=/home/conda/feedstock_root/build_artifacts/gcc_compilers_1666516817544/_h_env_placehold_placehold_placehold_placehold_placehold_placehold_placehold_placehold_placehold_placehold_placehold_placehold_placehold_placehold_placehold_placehold_placehold_placeho/x86_64-conda-linux-gnu/sysroot --with-build-sysroot=/home/conda/feedstock_root/build_artifacts/gcc_compilers_1666516817544/_build_env/x86_64-conda-linux-gnu/sysroot --with-gxx-include-dir=/home/conda/feedstock_root/build_artifacts/gcc_compilers_1666516817544/_h_env_placehold_placehold_placehold_placehold_placehold_placehold_placehold_placehold_placehold_placehold_placehold_placehold_placehold_placehold_placehold_placehold_placehold_placeho/x86_64-conda-linux-gnu/include/c++/10.4.0 --with-pkgversion='conda-forge gcc 10.4.0-19' --with-bugurl=https://github.com/conda-forge/ctng-compilers-feedstock/issues/new/choose
Thread model: posix
Supported LTO compression algorithms: zlib
gcc version 10.4.0 (conda-forge gcc 10.4.0-19) 
configure:2814: $? = 0
configure:2803: /depot/cms/kernels/combine/bin/x86_64-conda-linux-gnu-gfortran -V >&5
x86_64-conda-linux-gnu-gfortran: error: unrecognized command-line option '-V'
x86_64-conda-linux-gnu-gfortran: fatal error: no input files
compilation terminated.
configure:2814: $? = 1
configure:2803: /depot/cms/kernels/combine/bin/x86_64-conda-linux-gnu-gfortran -qversion >&5
x86_64-conda-linux-gnu-gfortran: error: unrecognized command-line option '-qversion'; did you mean '--version'?
x86_64-conda-linux-gnu-gfortran: fatal error: no input files
compilation terminated.
configure:2814: $? = 1
configure:2823: checking whether we are using the GNU Fortran 77 compiler
configure:2836: /depot/cms/kernels/combine/bin/x86_64-conda-linux-gnu-gfortran -c -ffixed-line-length-none -w -O1 -I/home/vscheure/copperhead/fits/FEWZ_3.1.rc/include conftest.F >&5
configure:2836: $? = 0
configure:2845: result: yes
configure:2851: checking whether /depot/cms/kernels/combine/bin/x86_64-conda-linux-gnu-gfortran accepts -g
configure:2862: /depot/cms/kernels/combine/bin/x86_64-conda-linux-gnu-gfortran -c -g conftest.f >&5
configure:2862: $? = 0
configure:2870: result: yes
configure:2902: checking for x86_64-conda-linux-gnu-ranlib
configure:2929: result: /depot/cms/kernels/combine/bin/x86_64-conda-linux-gnu-ranlib
configure:3034: checking for a BSD-compatible install
configure:3102: result: /usr/bin/install -c
configure:3129: checking for an ANSI C-conforming const
configure:3194: gcc -c -march=nocona -mtune=haswell -ftree-vectorize -fPIC -fstack-protector-strong -fno-plt -O2 -ffunction-sections -pipe -isystem /depot/cms/kernels/combine/include -DNDEBUG -D_FORTIFY_SOURCE=2 -O2 -isystem /depot/cms/kernels/combine/include conftest.c >&5
configure:3194: $? = 0
configure:3201: result: yes
configure:3209: checking for inline
configure:3225: gcc -c -march=nocona -mtune=haswell -ftree-vectorize -fPIC -fstack-protector-strong -fno-plt -O2 -ffunction-sections -pipe -isystem /depot/cms/kernels/combine/include -DNDEBUG -D_FORTIFY_SOURCE=2 -O2 -isystem /depot/cms/kernels/combine/include conftest.c >&5
configure:3225: $? = 0
configure:3233: result: inline
configure:3253: checking for long double with more range or precision than double
configure:3288: gcc -c -march=nocona -mtune=haswell -ftree-vectorize -fPIC -fstack-protector-strong -fno-plt -O2 -ffunction-sections -pipe -isystem /depot/cms/kernels/combine/include -DNDEBUG -D_FORTIFY_SOURCE=2 -O2 -isystem /depot/cms/kernels/combine/include conftest.c >&5
configure:3288: $? = 0
configure:3295: result: yes
configure:3313: checking for powl
configure:3313: gcc -o conftest -march=nocona -mtune=haswell -ftree-vectorize -fPIC -fstack-protector-strong -fno-plt -O2 -ffunction-sections -pipe -isystem /depot/cms/kernels/combine/include -DNDEBUG -D_FORTIFY_SOURCE=2 -O2 -isystem /depot/cms/kernels/combine/include -Wl,-O2 -Wl,--sort-common -Wl,--as-needed -Wl,-z,relro -Wl,-z,now -Wl,--disable-new-dtags -Wl,--gc-sections -Wl,--allow-shlib-undefined -Wl,-rpath,/depot/cms/kernels/combine/lib -Wl,-rpath-link,/depot/cms/kernels/combine/lib -L/depot/cms/kernels/combine/lib conftest.c -lm >&5
conftest.c:34:6: warning: conflicting types for built-in function 'powl'; expected 'long double(long double,  long double)' [-Wbuiltin-declaration-mismatch]
   34 | char powl ();
      |      ^~~~
conftest.c:22:1: note: 'powl' is declared in header '<math.h>'
   21 | # include <limits.h>
   22 | #else
configure:3313: $? = 0
configure:3313: result: yes
configure:3324: checking for erf
configure:3324: gcc -o conftest -march=nocona -mtune=haswell -ftree-vectorize -fPIC -fstack-protector-strong -fno-plt -O2 -ffunction-sections -pipe -isystem /depot/cms/kernels/combine/include -DNDEBUG -D_FORTIFY_SOURCE=2 -O2 -isystem /depot/cms/kernels/combine/include -Wl,-O2 -Wl,--sort-common -Wl,--as-needed -Wl,-z,relro -Wl,-z,now -Wl,--disable-new-dtags -Wl,--gc-sections -Wl,--allow-shlib-undefined -Wl,-rpath,/depot/cms/kernels/combine/lib -Wl,-rpath-link,/depot/cms/kernels/combine/lib -L/depot/cms/kernels/combine/lib conftest.c -lm >&5
conftest.c:35:6: warning: conflicting types for built-in function 'erf'; expected 'double(double)' [-Wbuiltin-declaration-mismatch]
   35 | char erf ();
      |      ^~~
conftest.c:23:1: note: 'erf' is declared in header '<math.h>'
   22 | # include <limits.h>
   23 | #else
configure:3324: $? = 0
configure:3324: result: yes
configure:3335: checking for fork
configure:3335: gcc -o conftest -march=nocona -mtune=haswell -ftree-vectorize -fPIC -fstack-protector-strong -fno-plt -O2 -ffunction-sections -pipe -isystem /depot/cms/kernels/combine/include -DNDEBUG -D_FORTIFY_SOURCE=2 -O2 -isystem /depot/cms/kernels/combine/include -Wl,-O2 -Wl,--sort-common -Wl,--as-needed -Wl,-z,relro -Wl,-z,now -Wl,--disable-new-dtags -Wl,--gc-sections -Wl,--allow-shlib-undefined -Wl,-rpath,/depot/cms/kernels/combine/lib -Wl,-rpath-link,/depot/cms/kernels/combine/lib -L/depot/cms/kernels/combine/lib conftest.c -lm >&5
conftest.c:36:6: warning: conflicting types for built-in function 'fork'; expected 'int(void)' [-Wbuiltin-declaration-mismatch]
   36 | char fork ();
      |      ^~~~
configure:3335: $? = 0
configure:3335: result: yes
configure:3346: checking for shmget
configure:3346: gcc -o conftest -march=nocona -mtune=haswell -ftree-vectorize -fPIC -fstack-protector-strong -fno-plt -O2 -ffunction-sections -pipe -isystem /depot/cms/kernels/combine/include -DNDEBUG -D_FORTIFY_SOURCE=2 -O2 -isystem /depot/cms/kernels/combine/include -Wl,-O2 -Wl,--sort-common -Wl,--as-needed -Wl,-z,relro -Wl,-z,now -Wl,--disable-new-dtags -Wl,--gc-sections -Wl,--allow-shlib-undefined -Wl,-rpath,/depot/cms/kernels/combine/lib -Wl,-rpath-link,/depot/cms/kernels/combine/lib -L/depot/cms/kernels/combine/lib conftest.c -lm >&5
configure:3346: $? = 0
configure:3346: result: yes
configure:3357: checking for getloadavg
configure:3357: gcc -o conftest -march=nocona -mtune=haswell -ftree-vectorize -fPIC -fstack-protector-strong -fno-plt -O2 -ffunction-sections -pipe -isystem /depot/cms/kernels/combine/include -DNDEBUG -D_FORTIFY_SOURCE=2 -O2 -isystem /depot/cms/kernels/combine/include -Wl,-O2 -Wl,--sort-common -Wl,--as-needed -Wl,-z,relro -Wl,-z,now -Wl,--disable-new-dtags -Wl,--gc-sections -Wl,--allow-shlib-undefined -Wl,-rpath,/depot/cms/kernels/combine/lib -Wl,-rpath-link,/depot/cms/kernels/combine/lib -L/depot/cms/kernels/combine/lib conftest.c -lm >&5
configure:3357: $? = 0
configure:3357: result: yes
configure:3383: checking for variable-size arrays
configure:3389: gcc -c -march=nocona -mtune=haswell -ftree-vectorize -fPIC -fstack-protector-strong -fno-plt -O2 -ffunction-sections -pipe -isystem /depot/cms/kernels/combine/include -DNDEBUG -D_FORTIFY_SOURCE=2 -O2 -isystem /depot/cms/kernels/combine/include conftest.c >&5
configure:3389: $? = 0
configure:3390: result: yes
configure:3409: checking for MathLink
configure:3437: result: no
configure:3446: checking for qmake
configure:3476: result: no
configure:3609: creating ./config.status

## ---------------------- ##
## Running config.status. ##
## ---------------------- ##

This file was extended by Cuba config.status 3.0, which was
generated by GNU Autoconf 2.68.  Invocation command line was

  CONFIG_FILES    = 
  CONFIG_HEADERS  = 
  CONFIG_LINKS    = 
  CONFIG_COMMANDS = 
  $ ./config.status 

on purdue-af-28

config.status:818: creating makefile
config.status:818: creating config.h
config.status:993: config.h is unchanged

## ---------------- ##
## Cache variables. ##
## ---------------- ##

ac_cv_c_compiler_gnu=yes
ac_cv_c_const=yes
ac_cv_c_inline=inline
ac_cv_c_long_double=yes
ac_cv_env_CC_set=set
ac_cv_env_CC_value=gcc
ac_cv_env_CFLAGS_set=set
ac_cv_env_CFLAGS_value='-march=nocona -mtune=haswell -ftree-vectorize -fPIC -fstack-protector-strong -fno-plt -O2 -ffunction-sections -pipe -isystem /depot/cms/kernels/combine/include'
ac_cv_env_CPPFLAGS_set=set
ac_cv_env_CPPFLAGS_value='-DNDEBUG -D_FORTIFY_SOURCE=2 -O2 -isystem /depot/cms/kernels/combine/include'
ac_cv_env_F77_set=set
ac_cv_env_F77_value=/depot/cms/kernels/combine/bin/x86_64-conda-linux-gnu-gfortran
ac_cv_env_FFLAGS_set=set
ac_cv_env_FFLAGS_value='-ffixed-line-length-none -w -O1 -I/home/vscheure/copperhead/fits/FEWZ_3.1.rc/include'
ac_cv_env_LDFLAGS_set=set
ac_cv_env_LDFLAGS_value='-Wl,-O2 -Wl,--sort-common -Wl,--as-needed -Wl,-z,relro -Wl,-z,now -Wl,--disable-new-dtags -Wl,--gc-sections -Wl,--allow-shlib-undefined -Wl,-rpath,/depot/cms/kernels/combine/lib -Wl,-rpath-link,/depot/cms/kernels/combine/lib -L/depot/cms/kernels/combine/lib'
ac_cv_env_LIBS_set=
ac_cv_env_LIBS_value=
ac_cv_env_MCFLAGS_set=
ac_cv_env_MCFLAGS_value=
ac_cv_env_build_alias_set=set
ac_cv_env_build_alias_value=x86_64-conda-linux-gnu
ac_cv_env_host_alias_set=set
ac_cv_env_host_alias_value=x86_64-conda-linux-gnu
ac_cv_env_target_alias_set=
ac_cv_env_target_alias_value=
ac_cv_f77_compiler_gnu=yes
ac_cv_func_erf=yes
ac_cv_func_fork=yes
ac_cv_func_getloadavg=yes
ac_cv_func_powl=yes
ac_cv_func_shmget=yes
ac_cv_objext=o
ac_cv_path_install='/usr/bin/install -c'
ac_cv_prog_CC=gcc
ac_cv_prog_F77=/depot/cms/kernels/combine/bin/x86_64-conda-linux-gnu-gfortran
ac_cv_prog_RANLIB=/depot/cms/kernels/combine/bin/x86_64-conda-linux-gnu-ranlib
ac_cv_prog_cc_c89=
ac_cv_prog_cc_g=yes
ac_cv_prog_f77_g=yes
ac_cv_type_long_double_wider=yes

## ----------------- ##
## Output variables. ##
## ----------------- ##

CC='gcc'
CFLAGS='-march=nocona -mtune=haswell -ftree-vectorize -fPIC -fstack-protector-strong -fno-plt -O2 -ffunction-sections -pipe -isystem /depot/cms/kernels/combine/include'
CPPFLAGS='-DNDEBUG -D_FORTIFY_SOURCE=2 -O2 -isystem /depot/cms/kernels/combine/include'
DEFS='-DHAVE_CONFIG_H'
DEMO_FORTRAN_DEFAULT='demo-fortran'
ECHO_C=''
ECHO_N='-n'
ECHO_T=''
EXEEXT=''
F77='/depot/cms/kernels/combine/bin/x86_64-conda-linux-gnu-gfortran'
FFLAGS='-ffixed-line-length-none -w -O1 -I/home/vscheure/copperhead/fits/FEWZ_3.1.rc/include'
HAVE_QMAKE=''
INSTALL_DATA='${INSTALL} -m 644'
INSTALL_PROGRAM='${INSTALL}'
INSTALL_SCRIPT='${INSTALL}'
LDFLAGS='-Wl,-O2 -Wl,--sort-common -Wl,--as-needed -Wl,-z,relro -Wl,-z,now -Wl,--disable-new-dtags -Wl,--gc-sections -Wl,--allow-shlib-undefined -Wl,-rpath,/depot/cms/kernels/combine/lib -Wl,-rpath-link,/depot/cms/kernels/combine/lib -L/depot/cms/kernels/combine/lib'
LIBOBJS=''
LIBS='-lm'
LTLIBOBJS=''
MATH_DEFAULT=''
MCFLAGS=''
OBJEXT='o'
PACKAGE_BUGREPORT='hahn@feynarts.de'
PACKAGE_NAME='Cuba'
PACKAGE_STRING='Cuba 3.0'
PACKAGE_TARNAME='cuba'
PACKAGE_URL=''
PACKAGE_VERSION='3.0'
PATH_SEPARATOR=':'
RANLIB='/depot/cms/kernels/combine/bin/x86_64-conda-linux-gnu-ranlib'
SHELL='/bin/sh'
TOOLS_DEFAULT=''
ac_ct_CC=''
ac_ct_F77=''
bindir='${exec_prefix}/bin'
build_alias='x86_64-conda-linux-gnu'
datadir='${datarootdir}'
datarootdir='${prefix}/share'
docdir='${datarootdir}/doc/${PACKAGE_TARNAME}'
dvidir='${docdir}'
exec_prefix='${prefix}'
host_alias='x86_64-conda-linux-gnu'
htmldir='${docdir}'
includedir='${prefix}/include'
infodir='${datarootdir}/info'
libdir='${exec_prefix}/lib'
libexecdir='${exec_prefix}/libexec'
localedir='${datarootdir}/locale'
localstatedir='${prefix}/var'
mandir='${datarootdir}/man'
oldincludedir='/usr/include'
pdfdir='${docdir}'
prefix='/usr/local'
program_transform_name='s,x,x,'
psdir='${docdir}'
sbindir='${exec_prefix}/sbin'
sharedstatedir='${prefix}/com'
sysconfdir='${prefix}/etc'
target_alias=''

## ----------- ##
## confdefs.h. ##
## ----------- ##

/* confdefs.h */
#define PACKAGE_NAME "Cuba"
#define PACKAGE_TARNAME "cuba"
#define PACKAGE_VERSION "3.0"
#define PACKAGE_STRING "Cuba 3.0"
#define PACKAGE_BUGREPORT "hahn@feynarts.de"
#define PACKAGE_URL ""
#define HAVE_LONG_DOUBLE_WIDER 1
#define HAVE_LONG_DOUBLE 1
#define HAVE_POWL 1
#define HAVE_ERF 1
#define HAVE_FORK 1
#define HAVE_SHMGET 1
#define HAVE_GETLOADAVG 1

configure: exit 0
